
Showing logs for build [32mcb-kubecd-environment-pr-198-41-wnnfv-1[0m stage [32mfrom-build-pack[0m and container [32mstep-credential-initializer-2v9hv[0m
{"level":"warn","ts":1586523043.8899026,"logger":"fallback-logger","caller":"logging/config.go:69","msg":"Fetch GitHub commit ID from kodata failed: \"ref: refs/heads/0.8.0-**-support-backwards-incompats\" is not a valid GitHub commit ID"}
{"level":"info","ts":1586523043.8909743,"logger":"fallback-logger","caller":"creds-init/main.go:40","msg":"Credentials initialized."}

Showing logs for build [32mcb-kubecd-environment-pr-198-41-wnnfv-1[0m stage [32mfrom-build-pack[0m and container [32mstep-working-dir-initializer-244lz[0m
{"level":"warn","ts":1586523044.545296,"logger":"fallback-logger","caller":"logging/config.go:69","msg":"Fetch GitHub commit ID from kodata failed: open /var/run/ko/HEAD: no such file or directory"}
{"level":"info","ts":1586523044.554681,"logger":"fallback-logger","caller":"bash/main.go:64","msg":"Successfully executed command \"sh -c mkdir -p /workspace/source\"; output "}

Showing logs for build [32mcb-kubecd-environment-pr-198-41-wnnfv-1[0m stage [32mfrom-build-pack[0m and container [32mstep-place-tools[0m

Showing logs for build [32mcb-kubecd-environment-pr-198-41-wnnfv-1[0m stage [32mfrom-build-pack[0m and container [32mstep-git-source-cb-kubecd-environment-pr-198-41-wnnfv-x445q[0m
{"level":"warn","ts":1586523050.7442877,"logger":"fallback-logger","caller":"logging/config.go:69","msg":"Fetch GitHub commit ID from kodata failed: \"ref: refs/heads/0.8.0-**-support-backwards-incompats\" is not a valid GitHub commit ID"}
{"level":"info","ts":1586523051.8553216,"logger":"fallback-logger","caller":"git/git.go:103","msg":"Successfully cloned https://github.com/cb-kubecd/environment-pr-198-41-boot-gke-staging.git @ master in path /workspace/source"}

Showing logs for build [32mcb-kubecd-environment-pr-198-41-wnnfv-1[0m stage [32mfrom-build-pack[0m and container [32mstep-git-merge[0m
Using SHAs from PULL_REFS=master:ceb99159e644d409ded652adb080eb102a947a48,2:5c22edbf5424711a9de0d0fa403e04c6ecc79f67
DEBUG: LC_ALL=C JX_LOG_LEVEL=error git fetch origin --unshallow 5c22edbf5424711a9de0d0fa403e04c6ecc79f67: ceb99159e644d409ded652adb080eb102a947a48:
DEBUG: ran git fetch --unshallow origin 5c22edbf5424711a9de0d0fa403e04c6ecc79f67: ceb99159e644d409ded652adb080eb102a947a48: in 
DEBUG: LC_ALL=C JX_LOG_LEVEL=error git branch
DEBUG: LC_ALL=C JX_LOG_LEVEL=error git checkout master
DEBUG: ran git checkout master in 
DEBUG: JX_LOG_LEVEL=error LC_ALL=C git reset --hard ceb99159e644d409ded652adb080eb102a947a48
DEBUG: ran git reset --hard ceb99159e644d409ded652adb080eb102a947a48 in 
DEBUG: LC_ALL=C JX_LOG_LEVEL=error git clean -fd .
DEBUG: ran clean --force -d . in 
DEBUG: LC_ALL=C JX_LOG_LEVEL=error git merge 5c22edbf5424711a9de0d0fa403e04c6ecc79f67
DEBUG: ran git merge 5c22edbf5424711a9de0d0fa403e04c6ecc79f67 in 
DEBUG: JX_LOG_LEVEL=error LC_ALL=C git log --format=%H%x1f%an%x1f%ae%x1f%cn%x1f%ce%x1f%s%n%b%x1e ceb99159e644d409ded652adb080eb102a947a48..HEAD
Merged SHA 5c22edbf5424711a9de0d0fa403e04c6ecc79f67 with commit message 'chore: Promote bdd-gh-1586522703 to version 0.0.2' into base branch master

Showing logs for build [32mcb-kubecd-environment-pr-198-41-wnnfv-1[0m stage [32mfrom-build-pack[0m and container [32mstep-build-helm-build[0m
WARNING: No $CHART_REPOSITORY defined so using the default value of: http://jenkins-x-chartmuseum:8080
Adding missing Helm repo: storage.googleapis.com https://storage.googleapis.com/chartmuseum.jenkins-x.io
WARNING: No secrets found on "helm/repos" due: reading the secret "helm/repos" from vault: no secret "helm/repos" not found in vault
Read credentials for https://storage.googleapis.com/chartmuseum.jenkins-x.io from vault helm/repos
Successfully added Helm repository storage.googleapis.com.
Adding missing Helm repo: jenkins-x-chartmuseum http://jenkins-x-chartmuseum:8080
WARNING: No secrets found on "helm/repos" due: reading the secret "helm/repos" from vault: no secret "helm/repos" not found in vault
Read credentials for http://jenkins-x-chartmuseum:8080 from vault helm/repos
Successfully added Helm repository jenkins-x-chartmuseum.
WARNING: No $CHART_REPOSITORY defined so using the default value of: http://jenkins-x-chartmuseum:8080
Adding missing Helm repo: chartmuseum.jenkins-x.io http://chartmuseum.jenkins-x.io
WARNING: No secrets found on "helm/repos" due: reading the secret "helm/repos" from vault: no secret "helm/repos" not found in vault
Read credentials for http://chartmuseum.jenkins-x.io from vault helm/repos
Successfully added Helm repository chartmuseum.jenkins-x.io.
